<?xml version="1.0" encoding="UTF-8"?>
<robot generator="Robot 3.2.2 (Python 3.9.7 on win32)" generated="20211018 18:33:12.094" rpa="false">
<suite id="s1" name="RobotFrameworkProject" source="E:\L&amp;T\RobotAutomation\RobotFrameworkProject">
<suite id="s1-s1" name="CartSuite" source="E:\L&amp;T\RobotAutomation\RobotFrameworkProject\CartSuite">
<suite id="s1-s1-s1" name="Check Out Tests" source="E:\L&amp;T\RobotAutomation\RobotFrameworkProject\CartSuite\check_out_tests.robot">
<test id="s1-s1-s1-t1" name="TC5_Purchase Product">
<kw name="Launch Browser" library="CommonFunctionality" type="setup">
<kw name="Append To Environment Variable" library="OperatingSystem">
<doc>Appends given ``values`` to environment variable ``name``.</doc>
<arguments>
<arg>Path</arg>
<arg>${EXECDIR}${/}driver</arg>
</arguments>
<msg timestamp="20211018 18:33:12.626" level="INFO">Environment variable 'Path' set to value 'C:/Users/user/Downloads/eclipse/eclipse//plugins/org.eclipse.justj.openjdk.hotspot.jre.full.win32.x86_64_16.0.1.v20210528-1205/jre/bin/server;C:/Users/user/Downloads/eclipse/eclipse//plugins/org.eclipse.justj.openjdk.hotspot.jre.full.win32.x86_64_16.0.1.v20210528-1205/jre/bin;C:\Program Files (x86)\Common Files\Oracle\Java\javapath;C:\Windows\system32;C:\Windows;C:\Windows\System32\Wbem;C:\Windows\System32\WindowsPowerShell\v1.0\;C:\Windows\System32\OpenSSH\;C:\Program Files\dotnet\;C:\Program Files\Microsoft SQL Server\130\Tools\Binn\;C:\Program Files\Microsoft SQL Server\Client SDK\ODBC\170\Tools\Binn\;C:\Program Files (x86)\Microsoft SQL Server\150\Tools\Binn\;C:\Program Files\Microsoft SQL Server\150\Tools\Binn\;C:\Program Files\Microsoft SQL Server\150\DTS\Binn\;C:\Program Files (x86)\dotnet\;C:\Program Files\TortoiseGit\bin;C:\Program Files\TortoiseSVN\bin;C:\Program Files (x86)\Microsoft Visual Studio\2019\Community\MSBuild\Current\Bin;C:\Program Files\Git\cmd;C:\Users\user\AppData\Local\Programs\Python\Python39\Scripts\;C:\Users\user\AppData\Local\Programs\Python\Python39\;C:\Users\user\AppData\Local\Microsoft\WindowsApps;C:\Users\user\AppData\Local\GitHubDesktop\bin;C:\Users\user\.dotnet\tools;C:\Users\user\Downloads\eclipse\eclipse;;E:\L&amp;T\RobotAutomation\RobotFrameworkProject\driver'.</msg>
<status status="PASS" starttime="20211018 18:33:12.625" endtime="20211018 18:33:12.626"></status>
</kw>
<kw name="Open Browser" library="SeleniumLibrary">
<doc>Opens a new browser instance to the optional ``url``.</doc>
<arguments>
<arg>browser=${BROWSER}</arg>
</arguments>
<msg timestamp="20211018 18:33:12.627" level="INFO">Opening browser 'chrome' to base url 'None'.</msg>
<status status="PASS" starttime="20211018 18:33:12.627" endtime="20211018 18:33:14.766"></status>
</kw>
<kw name="Maximize Browser Window" library="SeleniumLibrary">
<doc>Maximizes current browser window.</doc>
<status status="PASS" starttime="20211018 18:33:14.767" endtime="20211018 18:33:14.920"></status>
</kw>
<kw name="Set Selenium Implicit Wait" library="SeleniumLibrary">
<doc>Sets the implicit wait value used by Selenium.</doc>
<arguments>
<arg>50s</arg>
</arguments>
<status status="PASS" starttime="20211018 18:33:14.921" endtime="20211018 18:33:14.925"></status>
</kw>
<kw name="Set Screenshot Directory" library="SeleniumLibrary">
<doc>Sets the directory for captured screenshots.</doc>
<arguments>
<arg>${EXECDIR}${/}Screenshots</arg>
</arguments>
<status status="PASS" starttime="20211018 18:33:14.926" endtime="20211018 18:33:14.927"></status>
</kw>
<kw name="Go To" library="SeleniumLibrary">
<doc>Navigates the current browser window to the provided ``url``.</doc>
<arguments>
<arg>url=${URL}</arg>
</arguments>
<msg timestamp="20211018 18:33:14.929" level="INFO">Opening url 'http://automationpractice.com/index.php'</msg>
<status status="PASS" starttime="20211018 18:33:14.928" endtime="20211018 18:33:23.903"></status>
</kw>
<status status="PASS" starttime="20211018 18:33:12.625" endtime="20211018 18:33:23.904"></status>
</kw>
<kw name="Automate Login" library="AutomateLogin">
<kw name="Click Sign in" library="RegisterationAndLoginPage">
<kw name="Click Element" library="SeleniumLibrary">
<doc>Click the element identified by ``locator``.</doc>
<arguments>
<arg>${SIGN IN LOCATOR}</arg>
</arguments>
<msg timestamp="20211018 18:33:23.907" level="INFO">Clicking element 'xpath=//a[contains(text(),'Sign in')]'.</msg>
<status status="PASS" starttime="20211018 18:33:23.906" endtime="20211018 18:33:27.519"></status>
</kw>
<status status="PASS" starttime="20211018 18:33:23.906" endtime="20211018 18:33:27.520"></status>
</kw>
<kw name="Enter Email to Sign in" library="RegisterationAndLoginPage">
<arguments>
<arg>${REGISTERED EMAIL ADDRESS}</arg>
</arguments>
<kw name="Input Text" library="SeleniumLibrary">
<doc>Types the given ``text`` into the text field identified by ``locator``.</doc>
<arguments>
<arg>${SIGN IN EMAIL LOCATOR}</arg>
<arg>${email}</arg>
</arguments>
<msg timestamp="20211018 18:33:27.523" level="INFO">Typing text 'John123@mayank.com' into text field 'id=email'.</msg>
<status status="PASS" starttime="20211018 18:33:27.522" endtime="20211018 18:33:27.692"></status>
</kw>
<status status="PASS" starttime="20211018 18:33:27.520" endtime="20211018 18:33:27.693"></status>
</kw>
<kw name="Enter Password to Sign in" library="RegisterationAndLoginPage">
<arguments>
<arg>${REGISTERED PASSWORD}</arg>
</arguments>
<kw name="Input Password" library="SeleniumLibrary">
<doc>Types the given password into the text field identified by ``locator``.</doc>
<arguments>
<arg>${PASSWORD LOCATOR}</arg>
<arg>${password}</arg>
</arguments>
<msg timestamp="20211018 18:33:27.695" level="INFO">Typing password into text field 'id=passwd'.</msg>
<msg timestamp="20211018 18:33:27.759" level="INFO">Temporally setting log level to: NONE</msg>
<msg timestamp="20211018 18:33:27.853" level="INFO">Log level changed from NONE to INFO.</msg>
<status status="PASS" starttime="20211018 18:33:27.694" endtime="20211018 18:33:27.853"></status>
</kw>
<status status="PASS" starttime="20211018 18:33:27.693" endtime="20211018 18:33:27.854"></status>
</kw>
<kw name="Click Submit Login" library="RegisterationAndLoginPage">
<kw name="Click Element" library="SeleniumLibrary">
<doc>Click the element identified by ``locator``.</doc>
<arguments>
<arg>${SUBMIT LOGIN LOCATOR}</arg>
</arguments>
<msg timestamp="20211018 18:33:27.856" level="INFO">Clicking element 'id=SubmitLogin'.</msg>
<status status="PASS" starttime="20211018 18:33:27.855" endtime="20211018 18:33:31.133"></status>
</kw>
<status status="PASS" starttime="20211018 18:33:27.854" endtime="20211018 18:33:31.134"></status>
</kw>
<kw name="Validate Successful Registration/Login" library="RegisterationAndLoginPage">
<kw name="Page Should Contain" library="SeleniumLibrary">
<doc>Verifies that current page contains ``text``.</doc>
<arguments>
<arg>Order history and details</arg>
</arguments>
<msg timestamp="20211018 18:33:31.166" level="INFO">Current page contains text 'Order history and details'.</msg>
<status status="PASS" starttime="20211018 18:33:31.136" endtime="20211018 18:33:31.167"></status>
</kw>
<status status="PASS" starttime="20211018 18:33:31.134" endtime="20211018 18:33:31.167"></status>
</kw>
<status status="PASS" starttime="20211018 18:33:23.905" endtime="20211018 18:33:31.168"></status>
</kw>
<kw name="Click My Store" library="CheckOutPage">
<kw name="Click Element" library="SeleniumLibrary">
<doc>Click the element identified by ``locator``.</doc>
<arguments>
<arg>${HOME SCREEN LOCATOR}</arg>
</arguments>
<msg timestamp="20211018 18:33:31.170" level="INFO">Clicking element 'xpath=//img[@alt='My Store']'.</msg>
<status status="PASS" starttime="20211018 18:33:31.169" endtime="20211018 18:33:40.301"></status>
</kw>
<status status="PASS" starttime="20211018 18:33:31.168" endtime="20211018 18:33:40.302"></status>
</kw>
<kw name="Set Selenium Speed" library="SeleniumLibrary">
<doc>Sets the delay that is waited after each Selenium command.</doc>
<arguments>
<arg>1s</arg>
</arguments>
<status status="PASS" starttime="20211018 18:33:40.302" endtime="20211018 18:33:40.303"></status>
</kw>
<kw name="Hover Over First Dress" library="CheckOutPage">
<kw name="Mouse Over" library="SeleniumLibrary">
<doc>Simulates hovering the mouse over the element ``locator``.</doc>
<arguments>
<arg>${FIRST DRESS LOCATOR}</arg>
</arguments>
<msg timestamp="20211018 18:33:40.305" level="INFO">Simulating Mouse Over on element 'xpath=(//img[@class='replace-2x img-responsive'])[1]'.</msg>
<status status="PASS" starttime="20211018 18:33:40.304" endtime="20211018 18:33:42.673"></status>
</kw>
<status status="PASS" starttime="20211018 18:33:40.303" endtime="20211018 18:33:42.673"></status>
</kw>
<kw name="Click Add to Cart" library="CheckOutPage">
<kw name="Click Element" library="SeleniumLibrary">
<doc>Click the element identified by ``locator``.</doc>
<arguments>
<arg>${ADD DRESS TO CART LOCATOR}</arg>
</arguments>
<msg timestamp="20211018 18:33:42.675" level="INFO">Clicking element 'xpath=//a[@title='Add to cart']'.</msg>
<status status="PASS" starttime="20211018 18:33:42.675" endtime="20211018 18:33:44.762"></status>
</kw>
<status status="PASS" starttime="20211018 18:33:42.674" endtime="20211018 18:33:44.763"></status>
</kw>
<kw name="Close Pop-up" library="CheckOutPage">
<kw name="Click Element" library="SeleniumLibrary">
<doc>Click the element identified by ``locator``.</doc>
<arguments>
<arg>${CLOSE LOCATOR}</arg>
</arguments>
<msg timestamp="20211018 18:33:44.764" level="INFO">Clicking element 'css=.cross'.</msg>
<status status="PASS" starttime="20211018 18:33:44.764" endtime="20211018 18:33:48.274"></status>
</kw>
<status status="PASS" starttime="20211018 18:33:44.763" endtime="20211018 18:33:48.276"></status>
</kw>
<kw name="Click Cart" library="CheckOutPage">
<kw name="Click Element" library="SeleniumLibrary">
<doc>Click the element identified by ``locator``.</doc>
<arguments>
<arg>${CART LOCATOR}</arg>
</arguments>
<msg timestamp="20211018 18:33:48.280" level="INFO">Clicking element 'xpath=//a[@title='View my shopping cart']'.</msg>
<status status="PASS" starttime="20211018 18:33:48.279" endtime="20211018 18:33:54.952"></status>
</kw>
<status status="PASS" starttime="20211018 18:33:48.277" endtime="20211018 18:33:54.953"></status>
</kw>
<kw name="Check that Cart is Not Empty" library="CheckOutPage">
<kw name="Element Text Should Be" library="SeleniumLibrary">
<doc>Verifies that element ``locator`` contains exact the text ``expected``.</doc>
<arguments>
<arg>${CART TEXT LOCATOR}</arg>
<arg>1 Product</arg>
</arguments>
<msg timestamp="20211018 18:33:54.955" level="INFO">Verifying element 'id=summary_products_quantity' contains exact text '1 Product'.</msg>
<status status="PASS" starttime="20211018 18:33:54.955" endtime="20211018 18:33:56.998"></status>
</kw>
<status status="PASS" starttime="20211018 18:33:54.953" endtime="20211018 18:33:57.000"></status>
</kw>
<kw name="Click Proceed to Checkout" library="CheckOutPage">
<kw name="Click Element" library="SeleniumLibrary">
<doc>Click the element identified by ``locator``.</doc>
<arguments>
<arg>${PROCEED TO CHECKOUT LOCATOR}</arg>
</arguments>
<msg timestamp="20211018 18:33:57.003" level="INFO">Clicking element 'xpath=(//*[contains(text(),'Proceed to checkout')])[2]'.</msg>
<status status="PASS" starttime="20211018 18:33:57.002" endtime="20211018 18:34:02.000"></status>
</kw>
<status status="PASS" starttime="20211018 18:33:57.001" endtime="20211018 18:34:02.001"></status>
</kw>
<kw name="Enter Comment" library="CheckOutPage">
<arguments>
<arg>demo</arg>
</arguments>
<kw name="Input Text" library="SeleniumLibrary">
<doc>Types the given ``text`` into the text field identified by ``locator``.</doc>
<arguments>
<arg>${COMMENT LOCATOR}</arg>
<arg>${comment}</arg>
</arguments>
<msg timestamp="20211018 18:34:02.008" level="INFO">Typing text 'demo' into text field 'name=message'.</msg>
<status status="PASS" starttime="20211018 18:34:02.006" endtime="20211018 18:34:05.201"></status>
</kw>
<status status="PASS" starttime="20211018 18:34:02.003" endtime="20211018 18:34:05.204"></status>
</kw>
<kw name="Click Proceed to Checkout" library="CheckOutPage">
<kw name="Click Element" library="SeleniumLibrary">
<doc>Click the element identified by ``locator``.</doc>
<arguments>
<arg>${PROCEED TO CHECKOUT LOCATOR}</arg>
</arguments>
<msg timestamp="20211018 18:34:05.207" level="INFO">Clicking element 'xpath=(//*[contains(text(),'Proceed to checkout')])[2]'.</msg>
<status status="PASS" starttime="20211018 18:34:05.206" endtime="20211018 18:34:10.648"></status>
</kw>
<status status="PASS" starttime="20211018 18:34:05.205" endtime="20211018 18:34:10.650"></status>
</kw>
<kw name="Click Terms and Services Checkbox" library="CheckOutPage">
<kw name="Click Element" library="SeleniumLibrary">
<doc>Click the element identified by ``locator``.</doc>
<arguments>
<arg>${TERM AND SERVICE LOCATOR}</arg>
</arguments>
<msg timestamp="20211018 18:34:10.657" level="INFO">Clicking element 'id=cgv'.</msg>
<status status="PASS" starttime="20211018 18:34:10.655" endtime="20211018 18:34:12.766"></status>
</kw>
<status status="PASS" starttime="20211018 18:34:10.652" endtime="20211018 18:34:12.767"></status>
</kw>
<kw name="Click Proceed to Checkout" library="CheckOutPage">
<kw name="Click Element" library="SeleniumLibrary">
<doc>Click the element identified by ``locator``.</doc>
<arguments>
<arg>${PROCEED TO CHECKOUT LOCATOR}</arg>
</arguments>
<msg timestamp="20211018 18:34:12.768" level="INFO">Clicking element 'xpath=(//*[contains(text(),'Proceed to checkout')])[2]'.</msg>
<status status="PASS" starttime="20211018 18:34:12.768" endtime="20211018 18:34:19.061"></status>
</kw>
<status status="PASS" starttime="20211018 18:34:12.767" endtime="20211018 18:34:19.062"></status>
</kw>
<kw name="Click Pay by bank wire" library="CheckOutPage">
<kw name="Click Element" library="SeleniumLibrary">
<doc>Click the element identified by ``locator``.</doc>
<arguments>
<arg>${BANKWIRE LOCATOR}</arg>
</arguments>
<msg timestamp="20211018 18:34:19.069" level="INFO">Clicking element 'css=.bankwire'.</msg>
<status status="PASS" starttime="20211018 18:34:19.067" endtime="20211018 18:34:22.770"></status>
</kw>
<status status="PASS" starttime="20211018 18:34:19.064" endtime="20211018 18:34:22.772"></status>
</kw>
<kw name="Click Confirm Order" library="CheckOutPage">
<kw name="Click Element" library="SeleniumLibrary">
<doc>Click the element identified by ``locator``.</doc>
<arguments>
<arg>${CONFIRM ORDER LOCATOR}</arg>
</arguments>
<msg timestamp="20211018 18:34:22.778" level="INFO">Clicking element 'xpath=//*[text()='I confirm my order']'.</msg>
<status status="PASS" starttime="20211018 18:34:22.776" endtime="20211018 18:34:28.453"></status>
</kw>
<status status="PASS" starttime="20211018 18:34:22.773" endtime="20211018 18:34:28.456"></status>
</kw>
<kw name="Display Cheque Details" library="CheckOutPage">
<doc>Details to be included in cheque.</doc>
<kw name="Get Text" library="SeleniumLibrary">
<doc>Returns the text value of the element identified by ``locator``.</doc>
<arguments>
<arg>${CHEQUE DETAIL LOCATOR}</arg>
</arguments>
<assign>
<var>${details}</var>
</assign>
<msg timestamp="20211018 18:34:30.510" level="INFO">${details} = Your order on My Store is complete.
Please send us a bank wire with
- Amount $18.51
- Name of account owner Pradeep Macharla
- Include these details xyz
- Bank name RTP
- Do not forget to insert your ...</msg>
<status status="PASS" starttime="20211018 18:34:28.458" endtime="20211018 18:34:30.511"></status>
</kw>
<kw name="Log To Console" library="BuiltIn">
<doc>Logs the given message to the console.</doc>
<arguments>
<arg>${details}</arg>
</arguments>
<status status="PASS" starttime="20211018 18:34:30.512" endtime="20211018 18:34:30.516"></status>
</kw>
<status status="PASS" starttime="20211018 18:34:28.457" endtime="20211018 18:34:30.518"></status>
</kw>
<kw name="Validate Successful Purchase" library="CheckOutPage">
<kw name="Page Should Contain" library="SeleniumLibrary">
<doc>Verifies that current page contains ``text``.</doc>
<arguments>
<arg>Your order on My Store is complete.</arg>
</arguments>
<msg timestamp="20211018 18:34:32.579" level="INFO">Current page contains text 'Your order on My Store is complete.'.</msg>
<status status="PASS" starttime="20211018 18:34:30.521" endtime="20211018 18:34:32.580"></status>
</kw>
<status status="PASS" starttime="20211018 18:34:30.519" endtime="20211018 18:34:32.582"></status>
</kw>
<kw name="End Browser" library="CommonFunctionality" type="teardown">
<kw name="Close Browser" library="SeleniumLibrary">
<doc>Closes the current browser.</doc>
<status status="PASS" starttime="20211018 18:34:32.584" endtime="20211018 18:34:35.805"></status>
</kw>
<status status="PASS" starttime="20211018 18:34:32.583" endtime="20211018 18:34:35.807"></status>
</kw>
<status status="PASS" starttime="20211018 18:33:12.624" endtime="20211018 18:34:35.808" critical="yes"></status>
</test>
<status status="PASS" starttime="20211018 18:33:12.281" endtime="20211018 18:34:35.811"></status>
</suite>
<status status="PASS" starttime="20211018 18:33:12.277" endtime="20211018 18:34:35.813"></status>
</suite>
<status status="PASS" starttime="20211018 18:33:12.249" endtime="20211018 18:34:35.815"></status>
</suite>
<statistics>
<total>
<stat pass="1" fail="0">Critical Tests</stat>
<stat pass="1" fail="0">All Tests</stat>
</total>
<tag>
</tag>
<suite>
<stat pass="1" fail="0" id="s1" name="RobotFrameworkProject">RobotFrameworkProject</stat>
<stat pass="1" fail="0" id="s1-s1" name="CartSuite">RobotFrameworkProject.CartSuite</stat>
<stat pass="1" fail="0" id="s1-s1-s1" name="Check Out Tests">RobotFrameworkProject.CartSuite.Check Out Tests</stat>
</suite>
</statistics>
<errors>
</errors>
</robot>
