<?xml version="1.0" encoding="UTF-8"?>
<robot generator="Robot 3.2.2 (Python 3.9.7 on win32)" generated="20211017 20:40:21.573" rpa="false">
<suite id="s1" name="RobotFrameworkProject" source="E:\L&amp;T\RobotAutomation\RobotFrameworkProject">
<suite id="s1-s1" name="WomenSuite" source="E:\L&amp;T\RobotAutomation\RobotFrameworkProject\WomenSuite">
<suite id="s1-s1-s1" name="Adding Tshirt To Cart Tests" source="E:\L&amp;T\RobotAutomation\RobotFrameworkProject\WomenSuite\adding_tshirt_to_cart_tests.robot">
<test id="s1-s1-s1-t1" name="TC3_Adding T-Shirt into Cart">
<kw name="Launch Browser" library="CommonFunctionality" type="setup">
<kw name="Append To Environment Variable" library="OperatingSystem">
<doc>Appends given ``values`` to environment variable ``name``.</doc>
<arguments>
<arg>Path</arg>
<arg>${EXECDIR}${/}driver</arg>
</arguments>
<msg timestamp="20211017 20:40:22.050" level="INFO">Environment variable 'Path' set to value 'C:/Users/user/Downloads/eclipse/eclipse//plugins/org.eclipse.justj.openjdk.hotspot.jre.full.win32.x86_64_16.0.1.v20210528-1205/jre/bin/server;C:/Users/user/Downloads/eclipse/eclipse//plugins/org.eclipse.justj.openjdk.hotspot.jre.full.win32.x86_64_16.0.1.v20210528-1205/jre/bin;C:\Program Files (x86)\Common Files\Oracle\Java\javapath;C:\Windows\system32;C:\Windows;C:\Windows\System32\Wbem;C:\Windows\System32\WindowsPowerShell\v1.0\;C:\Windows\System32\OpenSSH\;C:\Program Files\dotnet\;C:\Program Files\Microsoft SQL Server\130\Tools\Binn\;C:\Program Files\Microsoft SQL Server\Client SDK\ODBC\170\Tools\Binn\;C:\Program Files (x86)\Microsoft SQL Server\150\Tools\Binn\;C:\Program Files\Microsoft SQL Server\150\Tools\Binn\;C:\Program Files\Microsoft SQL Server\150\DTS\Binn\;C:\Program Files (x86)\dotnet\;C:\Program Files\TortoiseGit\bin;C:\Program Files\TortoiseSVN\bin;C:\Program Files (x86)\Microsoft Visual Studio\2019\Community\MSBuild\Current\Bin;C:\Program Files\Git\cmd;C:\Users\user\AppData\Local\Programs\Python\Python39\Scripts\;C:\Users\user\AppData\Local\Programs\Python\Python39\;C:\Users\user\AppData\Local\Microsoft\WindowsApps;C:\Users\user\AppData\Local\GitHubDesktop\bin;C:\Users\user\.dotnet\tools;C:\Users\user\Downloads\eclipse\eclipse;;E:\L&amp;T\RobotAutomation\RobotFrameworkProject\driver'.</msg>
<status status="PASS" starttime="20211017 20:40:22.049" endtime="20211017 20:40:22.050"></status>
</kw>
<kw name="Open Browser" library="SeleniumLibrary">
<doc>Opens a new browser instance to the optional ``url``.</doc>
<arguments>
<arg>browser=${BROWSER}</arg>
</arguments>
<msg timestamp="20211017 20:40:22.051" level="INFO">Opening browser 'chrome' to base url 'None'.</msg>
<status status="PASS" starttime="20211017 20:40:22.050" endtime="20211017 20:40:24.844"></status>
</kw>
<kw name="Maximize Browser Window" library="SeleniumLibrary">
<doc>Maximizes current browser window.</doc>
<status status="PASS" starttime="20211017 20:40:24.846" endtime="20211017 20:40:25.115"></status>
</kw>
<kw name="Set Selenium Implicit Wait" library="SeleniumLibrary">
<doc>Sets the implicit wait value used by Selenium.</doc>
<arguments>
<arg>50s</arg>
</arguments>
<status status="PASS" starttime="20211017 20:40:25.116" endtime="20211017 20:40:25.118"></status>
</kw>
<kw name="Set Screenshot Directory" library="SeleniumLibrary">
<doc>Sets the directory for captured screenshots.</doc>
<arguments>
<arg>${EXECDIR}${/}Screenshots</arg>
</arguments>
<status status="PASS" starttime="20211017 20:40:25.119" endtime="20211017 20:40:25.120"></status>
</kw>
<kw name="Go To" library="SeleniumLibrary">
<doc>Navigates the current browser window to the provided ``url``.</doc>
<arguments>
<arg>url=${URL}</arg>
</arguments>
<msg timestamp="20211017 20:40:25.122" level="INFO">Opening url 'http://automationpractice.com/index.php'</msg>
<status status="PASS" starttime="20211017 20:40:25.121" endtime="20211017 20:40:33.022"></status>
</kw>
<status status="PASS" starttime="20211017 20:40:22.049" endtime="20211017 20:40:33.024"></status>
</kw>
<kw name="Automate Login" library="AutomateLogin">
<kw name="Click Sign in" library="RegisterationAndLoginPage">
<kw name="Click Element" library="SeleniumLibrary">
<doc>Click the element identified by ``locator``.</doc>
<arguments>
<arg>${SIGN IN LOCATOR}</arg>
</arguments>
<msg timestamp="20211017 20:40:33.030" level="INFO">Clicking element 'xpath=//a[contains(text(),'Sign in')]'.</msg>
<status status="PASS" starttime="20211017 20:40:33.029" endtime="20211017 20:40:37.581"></status>
</kw>
<status status="PASS" starttime="20211017 20:40:33.029" endtime="20211017 20:40:37.583"></status>
</kw>
<kw name="Enter Email to Sign in" library="RegisterationAndLoginPage">
<arguments>
<arg>${REGISTERED EMAIL ADDRESS}</arg>
</arguments>
<kw name="Input Text" library="SeleniumLibrary">
<doc>Types the given ``text`` into the text field identified by ``locator``.</doc>
<arguments>
<arg>${SIGN IN EMAIL LOCATOR}</arg>
<arg>${email}</arg>
</arguments>
<msg timestamp="20211017 20:40:37.587" level="INFO">Typing text 'John123@mayank.com' into text field 'id=email'.</msg>
<status status="PASS" starttime="20211017 20:40:37.586" endtime="20211017 20:40:37.774"></status>
</kw>
<status status="PASS" starttime="20211017 20:40:37.583" endtime="20211017 20:40:37.775"></status>
</kw>
<kw name="Enter Password to Sign in" library="RegisterationAndLoginPage">
<arguments>
<arg>${REGISTERED PASSWORD}</arg>
</arguments>
<kw name="Input Password" library="SeleniumLibrary">
<doc>Types the given password into the text field identified by ``locator``.</doc>
<arguments>
<arg>${PASSWORD LOCATOR}</arg>
<arg>${password}</arg>
</arguments>
<msg timestamp="20211017 20:40:37.778" level="INFO">Typing password into text field 'id=passwd'.</msg>
<msg timestamp="20211017 20:40:37.841" level="INFO">Temporally setting log level to: NONE</msg>
<msg timestamp="20211017 20:40:37.930" level="INFO">Log level changed from NONE to INFO.</msg>
<status status="PASS" starttime="20211017 20:40:37.777" endtime="20211017 20:40:37.930"></status>
</kw>
<status status="PASS" starttime="20211017 20:40:37.776" endtime="20211017 20:40:37.931"></status>
</kw>
<kw name="Click Submit Login" library="RegisterationAndLoginPage">
<kw name="Click Element" library="SeleniumLibrary">
<doc>Click the element identified by ``locator``.</doc>
<arguments>
<arg>${SUBMIT LOGIN LOCATOR}</arg>
</arguments>
<msg timestamp="20211017 20:40:37.933" level="INFO">Clicking element 'id=SubmitLogin'.</msg>
<status status="PASS" starttime="20211017 20:40:37.932" endtime="20211017 20:40:40.912"></status>
</kw>
<status status="PASS" starttime="20211017 20:40:37.931" endtime="20211017 20:40:40.912"></status>
</kw>
<kw name="Validate Successful Registration/Login" library="RegisterationAndLoginPage">
<kw name="Page Should Contain" library="SeleniumLibrary">
<doc>Verifies that current page contains ``text``.</doc>
<arguments>
<arg>Order history and details</arg>
</arguments>
<msg timestamp="20211017 20:40:40.954" level="INFO">Current page contains text 'Order history and details'.</msg>
<status status="PASS" starttime="20211017 20:40:40.914" endtime="20211017 20:40:40.954"></status>
</kw>
<status status="PASS" starttime="20211017 20:40:40.913" endtime="20211017 20:40:40.955"></status>
</kw>
<status status="PASS" starttime="20211017 20:40:33.026" endtime="20211017 20:40:40.955"></status>
</kw>
<kw name="Hover Over Menuitem Women" library="WomenPage">
<kw name="Mouse Over" library="SeleniumLibrary">
<doc>Simulates hovering the mouse over the element ``locator``.</doc>
<arguments>
<arg>${MENUITEM WOMEN LOCATOR}</arg>
</arguments>
<msg timestamp="20211017 20:40:40.958" level="INFO">Simulating Mouse Over on element 'xpath=//a[text()='Women']'.</msg>
<status status="PASS" starttime="20211017 20:40:40.957" endtime="20211017 20:40:41.364"></status>
</kw>
<status status="PASS" starttime="20211017 20:40:40.956" endtime="20211017 20:40:41.365"></status>
</kw>
<kw name="Click Sub Menuitem T-Shirt" library="WomenPage">
<kw name="Click Element" library="SeleniumLibrary">
<doc>Click the element identified by ``locator``.</doc>
<arguments>
<arg>${SUB MENUITEM T-SHIRT LOCATOR}</arg>
</arguments>
<msg timestamp="20211017 20:40:41.370" level="INFO">Clicking element 'xpath=(//a[text()='T-shirts'])[1]'.</msg>
<status status="PASS" starttime="20211017 20:40:41.368" endtime="20211017 20:40:44.867"></status>
</kw>
<status status="PASS" starttime="20211017 20:40:41.367" endtime="20211017 20:40:44.869"></status>
</kw>
<kw name="Hover Over Dress" library="WomenPage">
<kw name="Mouse Over" library="SeleniumLibrary">
<doc>Simulates hovering the mouse over the element ``locator``.</doc>
<arguments>
<arg>${DRESS IMG LOCATOR}</arg>
</arguments>
<msg timestamp="20211017 20:40:44.872" level="INFO">Simulating Mouse Over on element 'xpath=//img[@title='Faded Short Sleeve T-shirts']'.</msg>
<status status="PASS" starttime="20211017 20:40:44.871" endtime="20211017 20:40:45.183"></status>
</kw>
<status status="PASS" starttime="20211017 20:40:44.869" endtime="20211017 20:40:45.187"></status>
</kw>
<kw name="Click More" library="WomenPage">
<doc>Use this option to customize the purchase like quantity.</doc>
<kw name="Click Element" library="SeleniumLibrary">
<doc>Click the element identified by ``locator``.</doc>
<arguments>
<arg>${MORE LOCATOR}</arg>
</arguments>
<msg timestamp="20211017 20:40:45.198" level="INFO">Clicking element 'xpath=//span[text()='More']'.</msg>
<status status="PASS" starttime="20211017 20:40:45.195" endtime="20211017 20:40:49.512"></status>
</kw>
<status status="PASS" starttime="20211017 20:40:45.190" endtime="20211017 20:40:49.512"></status>
</kw>
<kw name="Enter Quantity" library="WomenPage">
<arguments>
<arg>2</arg>
</arguments>
<kw name="Input Text" library="SeleniumLibrary">
<doc>Types the given ``text`` into the text field identified by ``locator``.</doc>
<arguments>
<arg>${QUANTITY LOCATOR}</arg>
<arg>${quantity}</arg>
</arguments>
<msg timestamp="20211017 20:40:49.516" level="INFO">Typing text '2' into text field 'id=quantity_wanted'.</msg>
<status status="PASS" starttime="20211017 20:40:49.515" endtime="20211017 20:40:49.626"></status>
</kw>
<status status="PASS" starttime="20211017 20:40:49.513" endtime="20211017 20:40:49.627"></status>
</kw>
<kw name="Select Size of Dress" library="WomenPage">
<doc>Enter size value S for small, M for medium and L for large.</doc>
<arguments>
<arg>S</arg>
</arguments>
<kw name="Select From List By Label" library="SeleniumLibrary">
<doc>Selects options from selection list ``locator`` by ``labels``.</doc>
<arguments>
<arg>${SIZE LOCATOR}</arg>
<arg>${size}</arg>
</arguments>
<msg timestamp="20211017 20:40:49.629" level="INFO">Selecting options from selection list 'id=group_1' by label S.</msg>
<status status="PASS" starttime="20211017 20:40:49.629" endtime="20211017 20:40:49.761"></status>
</kw>
<status status="PASS" starttime="20211017 20:40:49.628" endtime="20211017 20:40:49.761"></status>
</kw>
<kw name="Choose Color" library="WomenPage">
<doc>Enter 13 for orange dress and 14 for blue dress.</doc>
<arguments>
<arg>14</arg>
</arguments>
<kw name="Click Element" library="SeleniumLibrary">
<doc>Click the element identified by ``locator``.</doc>
<arguments>
<arg>${COLOR LOCATOR}_${color}</arg>
</arguments>
<msg timestamp="20211017 20:40:49.763" level="INFO">Clicking element 'id=color_14'.</msg>
<status status="PASS" starttime="20211017 20:40:49.762" endtime="20211017 20:40:49.860"></status>
</kw>
<status status="PASS" starttime="20211017 20:40:49.762" endtime="20211017 20:40:49.861"></status>
</kw>
<kw name="Click Add to Cart" library="WomenPage">
<kw name="Click Element" library="SeleniumLibrary">
<doc>Click the element identified by ``locator``.</doc>
<arguments>
<arg>${ADD TO CART LOCATOR}</arg>
</arguments>
<msg timestamp="20211017 20:40:49.865" level="INFO">Clicking element 'id=add_to_cart'.</msg>
<status status="PASS" starttime="20211017 20:40:49.864" endtime="20211017 20:40:49.979"></status>
</kw>
<status status="PASS" starttime="20211017 20:40:49.862" endtime="20211017 20:40:49.980"></status>
</kw>
<kw name="Validate Item added to cart Successful" library="WomenPage">
<kw name="Page Should Contain" library="SeleniumLibrary">
<doc>Verifies that current page contains ``text``.</doc>
<arguments>
<arg>Product successfully added to your shopping</arg>
</arguments>
<msg timestamp="20211017 20:40:50.013" level="INFO">Current page contains text 'Product successfully added to your shopping'.</msg>
<status status="PASS" starttime="20211017 20:40:49.982" endtime="20211017 20:40:50.013"></status>
</kw>
<status status="PASS" starttime="20211017 20:40:49.980" endtime="20211017 20:40:50.014"></status>
</kw>
<kw name="Click Continue Shopping" library="WomenPage">
<kw name="Click Element" library="SeleniumLibrary">
<doc>Click the element identified by ``locator``.</doc>
<arguments>
<arg>${CONTINUE SHOPPING LOCATOR}</arg>
</arguments>
<msg timestamp="20211017 20:40:50.015" level="INFO">Clicking element 'xpath=//span[@title='Continue shopping']'.</msg>
<status status="PASS" starttime="20211017 20:40:50.015" endtime="20211017 20:40:51.027"></status>
</kw>
<status status="PASS" starttime="20211017 20:40:50.014" endtime="20211017 20:40:51.028"></status>
</kw>
<status status="PASS" starttime="20211017 20:40:22.047" endtime="20211017 20:40:51.028" critical="yes"></status>
</test>
<status status="PASS" starttime="20211017 20:40:21.660" endtime="20211017 20:40:51.029"></status>
</suite>
<status status="PASS" starttime="20211017 20:40:21.655" endtime="20211017 20:40:51.032"></status>
</suite>
<status status="PASS" starttime="20211017 20:40:21.619" endtime="20211017 20:40:51.034"></status>
</suite>
<statistics>
<total>
<stat pass="1" fail="0">Critical Tests</stat>
<stat pass="1" fail="0">All Tests</stat>
</total>
<tag>
</tag>
<suite>
<stat pass="1" fail="0" id="s1" name="RobotFrameworkProject">RobotFrameworkProject</stat>
<stat pass="1" fail="0" id="s1-s1" name="WomenSuite">RobotFrameworkProject.WomenSuite</stat>
<stat pass="1" fail="0" id="s1-s1-s1" name="Adding Tshirt To Cart Tests">RobotFrameworkProject.WomenSuite.Adding Tshirt To Cart Tests</stat>
</suite>
</statistics>
<errors>
</errors>
</robot>
