<?xml version="1.0" encoding="UTF-8"?>
<robot generator="Robot 3.2.2 (Python 3.9.7 on win32)" generated="20211017 21:37:31.371" rpa="false">
<suite id="s1" name="RobotFrameworkProject" source="E:\L&amp;T\RobotAutomation\RobotFrameworkProject">
<suite id="s1-s1" name="DressesSuite" source="E:\L&amp;T\RobotAutomation\RobotFrameworkProject\DressesSuite">
<suite id="s1-s1-s1" name="Writing Casual Dresses Review Test" source="E:\L&amp;T\RobotAutomation\RobotFrameworkProject\DressesSuite\writing_casual_dresses_review_test.robot">
<test id="s1-s1-s1-t1" name="TC4_Writing_Casual_Dresses_Review">
<kw name="Launch Browser" library="CommonFunctionality" type="setup">
<kw name="Append To Environment Variable" library="OperatingSystem">
<doc>Appends given ``values`` to environment variable ``name``.</doc>
<arguments>
<arg>Path</arg>
<arg>${EXECDIR}${/}driver</arg>
</arguments>
<msg timestamp="20211017 21:37:31.918" level="INFO">Environment variable 'Path' set to value 'C:/Users/user/Downloads/eclipse/eclipse//plugins/org.eclipse.justj.openjdk.hotspot.jre.full.win32.x86_64_16.0.1.v20210528-1205/jre/bin/server;C:/Users/user/Downloads/eclipse/eclipse//plugins/org.eclipse.justj.openjdk.hotspot.jre.full.win32.x86_64_16.0.1.v20210528-1205/jre/bin;C:\Program Files (x86)\Common Files\Oracle\Java\javapath;C:\Windows\system32;C:\Windows;C:\Windows\System32\Wbem;C:\Windows\System32\WindowsPowerShell\v1.0\;C:\Windows\System32\OpenSSH\;C:\Program Files\dotnet\;C:\Program Files\Microsoft SQL Server\130\Tools\Binn\;C:\Program Files\Microsoft SQL Server\Client SDK\ODBC\170\Tools\Binn\;C:\Program Files (x86)\Microsoft SQL Server\150\Tools\Binn\;C:\Program Files\Microsoft SQL Server\150\Tools\Binn\;C:\Program Files\Microsoft SQL Server\150\DTS\Binn\;C:\Program Files (x86)\dotnet\;C:\Program Files\TortoiseGit\bin;C:\Program Files\TortoiseSVN\bin;C:\Program Files (x86)\Microsoft Visual Studio\2019\Community\MSBuild\Current\Bin;C:\Program Files\Git\cmd;C:\Users\user\AppData\Local\Programs\Python\Python39\Scripts\;C:\Users\user\AppData\Local\Programs\Python\Python39\;C:\Users\user\AppData\Local\Microsoft\WindowsApps;C:\Users\user\AppData\Local\GitHubDesktop\bin;C:\Users\user\.dotnet\tools;C:\Users\user\Downloads\eclipse\eclipse;;E:\L&amp;T\RobotAutomation\RobotFrameworkProject\driver'.</msg>
<status status="PASS" starttime="20211017 21:37:31.917" endtime="20211017 21:37:31.919"></status>
</kw>
<kw name="Open Browser" library="SeleniumLibrary">
<doc>Opens a new browser instance to the optional ``url``.</doc>
<arguments>
<arg>browser=${BROWSER}</arg>
</arguments>
<msg timestamp="20211017 21:37:31.920" level="INFO">Opening browser 'chrome' to base url 'None'.</msg>
<status status="PASS" starttime="20211017 21:37:31.919" endtime="20211017 21:37:34.063"></status>
</kw>
<kw name="Maximize Browser Window" library="SeleniumLibrary">
<doc>Maximizes current browser window.</doc>
<status status="PASS" starttime="20211017 21:37:34.064" endtime="20211017 21:37:34.199"></status>
</kw>
<kw name="Set Selenium Implicit Wait" library="SeleniumLibrary">
<doc>Sets the implicit wait value used by Selenium.</doc>
<arguments>
<arg>50s</arg>
</arguments>
<status status="PASS" starttime="20211017 21:37:34.200" endtime="20211017 21:37:34.207"></status>
</kw>
<kw name="Set Screenshot Directory" library="SeleniumLibrary">
<doc>Sets the directory for captured screenshots.</doc>
<arguments>
<arg>${EXECDIR}${/}Screenshots</arg>
</arguments>
<status status="PASS" starttime="20211017 21:37:34.208" endtime="20211017 21:37:34.209"></status>
</kw>
<kw name="Go To" library="SeleniumLibrary">
<doc>Navigates the current browser window to the provided ``url``.</doc>
<arguments>
<arg>url=${URL}</arg>
</arguments>
<msg timestamp="20211017 21:37:34.210" level="INFO">Opening url 'http://automationpractice.com/index.php'</msg>
<status status="PASS" starttime="20211017 21:37:34.210" endtime="20211017 21:37:42.731"></status>
</kw>
<status status="PASS" starttime="20211017 21:37:31.916" endtime="20211017 21:37:42.732"></status>
</kw>
<kw name="Automate Login" library="AutomateLogin">
<kw name="Click Sign in" library="RegisterationAndLoginPage">
<kw name="Click Element" library="SeleniumLibrary">
<doc>Click the element identified by ``locator``.</doc>
<arguments>
<arg>${SIGN IN LOCATOR}</arg>
</arguments>
<msg timestamp="20211017 21:37:42.739" level="INFO">Clicking element 'xpath=//a[contains(text(),'Sign in')]'.</msg>
<status status="PASS" starttime="20211017 21:37:42.738" endtime="20211017 21:37:45.714"></status>
</kw>
<status status="PASS" starttime="20211017 21:37:42.736" endtime="20211017 21:37:45.715"></status>
</kw>
<kw name="Enter Email to Sign in" library="RegisterationAndLoginPage">
<arguments>
<arg>${REGISTERED EMAIL ADDRESS}</arg>
</arguments>
<kw name="Input Text" library="SeleniumLibrary">
<doc>Types the given ``text`` into the text field identified by ``locator``.</doc>
<arguments>
<arg>${SIGN IN EMAIL LOCATOR}</arg>
<arg>${email}</arg>
</arguments>
<msg timestamp="20211017 21:37:45.720" level="INFO">Typing text 'John123@mayank.com' into text field 'id=email'.</msg>
<status status="PASS" starttime="20211017 21:37:45.719" endtime="20211017 21:37:45.875"></status>
</kw>
<status status="PASS" starttime="20211017 21:37:45.716" endtime="20211017 21:37:45.875"></status>
</kw>
<kw name="Enter Password to Sign in" library="RegisterationAndLoginPage">
<arguments>
<arg>${REGISTERED PASSWORD}</arg>
</arguments>
<kw name="Input Password" library="SeleniumLibrary">
<doc>Types the given password into the text field identified by ``locator``.</doc>
<arguments>
<arg>${PASSWORD LOCATOR}</arg>
<arg>${password}</arg>
</arguments>
<msg timestamp="20211017 21:37:45.878" level="INFO">Typing password into text field 'id=passwd'.</msg>
<msg timestamp="20211017 21:37:45.941" level="INFO">Temporally setting log level to: NONE</msg>
<msg timestamp="20211017 21:37:46.027" level="INFO">Log level changed from NONE to INFO.</msg>
<status status="PASS" starttime="20211017 21:37:45.877" endtime="20211017 21:37:46.028"></status>
</kw>
<status status="PASS" starttime="20211017 21:37:45.876" endtime="20211017 21:37:46.029"></status>
</kw>
<kw name="Click Submit Login" library="RegisterationAndLoginPage">
<kw name="Click Element" library="SeleniumLibrary">
<doc>Click the element identified by ``locator``.</doc>
<arguments>
<arg>${SUBMIT LOGIN LOCATOR}</arg>
</arguments>
<msg timestamp="20211017 21:37:46.031" level="INFO">Clicking element 'id=SubmitLogin'.</msg>
<status status="PASS" starttime="20211017 21:37:46.030" endtime="20211017 21:37:48.902"></status>
</kw>
<status status="PASS" starttime="20211017 21:37:46.029" endtime="20211017 21:37:48.903"></status>
</kw>
<kw name="Validate Successful Registration/Login" library="RegisterationAndLoginPage">
<kw name="Page Should Contain" library="SeleniumLibrary">
<doc>Verifies that current page contains ``text``.</doc>
<arguments>
<arg>Order history and details</arg>
</arguments>
<msg timestamp="20211017 21:37:48.933" level="INFO">Current page contains text 'Order history and details'.</msg>
<status status="PASS" starttime="20211017 21:37:48.906" endtime="20211017 21:37:48.934"></status>
</kw>
<status status="PASS" starttime="20211017 21:37:48.904" endtime="20211017 21:37:48.934"></status>
</kw>
<status status="PASS" starttime="20211017 21:37:42.733" endtime="20211017 21:37:48.935"></status>
</kw>
<kw name="Hover Over Menuitem Dresses" library="DressesSuite">
<kw name="Mouse Over" library="SeleniumLibrary">
<doc>Simulates hovering the mouse over the element ``locator``.</doc>
<arguments>
<arg>${MENUITEM DRESSES LOCATOR}</arg>
</arguments>
<msg timestamp="20211017 21:37:48.937" level="INFO">Simulating Mouse Over on element 'xpath=(//a[@title='Dresses'])[2]'.</msg>
<status status="PASS" starttime="20211017 21:37:48.936" endtime="20211017 21:37:49.317"></status>
</kw>
<status status="PASS" starttime="20211017 21:37:48.935" endtime="20211017 21:37:49.320"></status>
</kw>
<kw name="Click Sub Menuitem Casual Dresses" library="DressesSuite">
<kw name="Click Element" library="SeleniumLibrary">
<doc>Click the element identified by ``locator``.</doc>
<arguments>
<arg>${SUB MENUITEM CASUAL DRESSES LOCATOR}</arg>
</arguments>
<msg timestamp="20211017 21:37:49.329" level="INFO">Clicking element 'xpath=(//a[@title='Casual Dresses'])[2]'.</msg>
<status status="PASS" starttime="20211017 21:37:49.326" endtime="20211017 21:37:53.912"></status>
</kw>
<status status="PASS" starttime="20211017 21:37:49.323" endtime="20211017 21:37:53.915"></status>
</kw>
<kw name="Click List View" library="DressesSuite">
<kw name="Click Element" library="SeleniumLibrary">
<doc>Click the element identified by ``locator``.</doc>
<arguments>
<arg>${LIST LOCATOR}</arg>
</arguments>
<msg timestamp="20211017 21:37:53.918" level="INFO">Clicking element 'id=list'.</msg>
<status status="PASS" starttime="20211017 21:37:53.918" endtime="20211017 21:37:53.985"></status>
</kw>
<status status="PASS" starttime="20211017 21:37:53.916" endtime="20211017 21:37:53.986"></status>
</kw>
<kw name="Click More" library="DressesSuite">
<kw name="Click Element" library="SeleniumLibrary">
<doc>Click the element identified by ``locator``.</doc>
<arguments>
<arg>${MORE LOCATOR}</arg>
</arguments>
<msg timestamp="20211017 21:37:53.988" level="INFO">Clicking element 'xpath=//span[text()='More']'.</msg>
<status status="PASS" starttime="20211017 21:37:53.988" endtime="20211017 21:37:59.776"></status>
</kw>
<status status="PASS" starttime="20211017 21:37:53.987" endtime="20211017 21:37:59.777"></status>
</kw>
<kw name="Click Write Review" library="DressesSuite">
<kw name="Click Element" library="SeleniumLibrary">
<doc>Click the element identified by ``locator``.</doc>
<arguments>
<arg>${WRITE REVIEW LOCATOR}</arg>
</arguments>
<msg timestamp="20211017 21:37:59.780" level="INFO">Clicking element 'xpath=//a[@class='open-comment-form']'.</msg>
<status status="PASS" starttime="20211017 21:37:59.779" endtime="20211017 21:37:59.901"></status>
</kw>
<status status="PASS" starttime="20211017 21:37:59.777" endtime="20211017 21:37:59.902"></status>
</kw>
<kw name="Enter Title of Review" library="DressesSuite">
<arguments>
<arg>title</arg>
</arguments>
<kw name="Input Text" library="SeleniumLibrary">
<doc>Types the given ``text`` into the text field identified by ``locator``.</doc>
<arguments>
<arg>${REVIEW TITLE LOCATOR}</arg>
<arg>${title}</arg>
</arguments>
<msg timestamp="20211017 21:37:59.904" level="INFO">Typing text 'title' into text field 'id=comment_title'.</msg>
<status status="PASS" starttime="20211017 21:37:59.903" endtime="20211017 21:38:00.018"></status>
</kw>
<status status="PASS" starttime="20211017 21:37:59.902" endtime="20211017 21:38:00.018"></status>
</kw>
<kw name="Enter Comment of Review" library="DressesSuite">
<arguments>
<arg>comment</arg>
</arguments>
<kw name="Input Text" library="SeleniumLibrary">
<doc>Types the given ``text`` into the text field identified by ``locator``.</doc>
<arguments>
<arg>${REVIEW COMMENT LOCATOR}</arg>
<arg>${comment}</arg>
</arguments>
<msg timestamp="20211017 21:38:00.021" level="INFO">Typing text 'comment' into text field 'id=content'.</msg>
<status status="PASS" starttime="20211017 21:38:00.020" endtime="20211017 21:38:00.143"></status>
</kw>
<status status="PASS" starttime="20211017 21:38:00.019" endtime="20211017 21:38:00.143"></status>
</kw>
<kw name="Click Send" library="DressesSuite">
<doc>Send/submit comment.</doc>
<kw name="Click Element" library="SeleniumLibrary">
<doc>Click the element identified by ``locator``.</doc>
<arguments>
<arg>${SUBMIT COMMENT LOCATOR}</arg>
</arguments>
<msg timestamp="20211017 21:38:00.145" level="INFO">Clicking element 'id=submitNewMessage'.</msg>
<status status="PASS" starttime="20211017 21:38:00.144" endtime="20211017 21:38:00.234"></status>
</kw>
<status status="PASS" starttime="20211017 21:38:00.144" endtime="20211017 21:38:00.235"></status>
</kw>
<kw name="Validate New Comment Sent" library="DressesSuite">
<kw name="Page Should Contain" library="SeleniumLibrary">
<doc>Verifies that current page contains ``text``.</doc>
<arguments>
<arg>New comment</arg>
</arguments>
<msg timestamp="20211017 21:38:00.256" level="INFO">Current page contains text 'New comment'.</msg>
<status status="PASS" starttime="20211017 21:38:00.236" endtime="20211017 21:38:00.256"></status>
</kw>
<status status="PASS" starttime="20211017 21:38:00.235" endtime="20211017 21:38:00.257"></status>
</kw>
<kw name="Click Ok Button" library="DressesSuite">
<kw name="Click Element" library="SeleniumLibrary">
<doc>Click the element identified by ``locator``.</doc>
<arguments>
<arg>${OK BUTTON LOCATOR}</arg>
</arguments>
<msg timestamp="20211017 21:38:00.259" level="INFO">Clicking element 'xpath=//span[text()='OK']'.</msg>
<status status="PASS" starttime="20211017 21:38:00.258" endtime="20211017 21:38:03.195"></status>
</kw>
<status status="PASS" starttime="20211017 21:38:00.257" endtime="20211017 21:38:03.196"></status>
</kw>
<status status="PASS" starttime="20211017 21:37:31.915" endtime="20211017 21:38:03.197" critical="yes"></status>
</test>
<status status="PASS" starttime="20211017 21:37:31.526" endtime="20211017 21:38:03.198"></status>
</suite>
<status status="PASS" starttime="20211017 21:37:31.522" endtime="20211017 21:38:03.205"></status>
</suite>
<status status="PASS" starttime="20211017 21:37:31.487" endtime="20211017 21:38:03.207"></status>
</suite>
<statistics>
<total>
<stat pass="1" fail="0">Critical Tests</stat>
<stat pass="1" fail="0">All Tests</stat>
</total>
<tag>
</tag>
<suite>
<stat pass="1" fail="0" id="s1" name="RobotFrameworkProject">RobotFrameworkProject</stat>
<stat pass="1" fail="0" id="s1-s1" name="DressesSuite">RobotFrameworkProject.DressesSuite</stat>
<stat pass="1" fail="0" id="s1-s1-s1" name="Writing Casual Dresses Review Test">RobotFrameworkProject.DressesSuite.Writing Casual Dresses Review Test</stat>
</suite>
</statistics>
<errors>
</errors>
</robot>
