<?xml version="1.0" encoding="UTF-8"?>
<robot generator="Robot 3.2.2 (Python 3.9.7 on win32)" generated="20211017 18:30:42.888" rpa="false">
<suite id="s1" name="RobotFrameworkProject" source="E:\L&amp;T\RobotAutomation\RobotFrameworkProject">
<suite id="s1-s1" name="WomenSuite" source="E:\L&amp;T\RobotAutomation\RobotFrameworkProject\WomenSuite">
<suite id="s1-s1-s1" name="Adding Tshirt To Cart Tests" source="E:\L&amp;T\RobotAutomation\RobotFrameworkProject\WomenSuite\adding_tshirt_to_cart_tests.robot">
<test id="s1-s1-s1-t1" name="TC3_Adding T-Shirt into Cart">
<kw name="Launch Browser" library="CommonFunctionality" type="setup">
<kw name="Append To Environment Variable" library="OperatingSystem">
<doc>Appends given ``values`` to environment variable ``name``.</doc>
<arguments>
<arg>Path</arg>
<arg>${EXECDIR}${/}driver</arg>
</arguments>
<msg timestamp="20211017 18:30:43.334" level="INFO">Environment variable 'Path' set to value 'C:/Users/user/Downloads/eclipse/eclipse//plugins/org.eclipse.justj.openjdk.hotspot.jre.full.win32.x86_64_16.0.1.v20210528-1205/jre/bin/server;C:/Users/user/Downloads/eclipse/eclipse//plugins/org.eclipse.justj.openjdk.hotspot.jre.full.win32.x86_64_16.0.1.v20210528-1205/jre/bin;C:\Program Files (x86)\Common Files\Oracle\Java\javapath;C:\Windows\system32;C:\Windows;C:\Windows\System32\Wbem;C:\Windows\System32\WindowsPowerShell\v1.0\;C:\Windows\System32\OpenSSH\;C:\Program Files\dotnet\;C:\Program Files\Microsoft SQL Server\130\Tools\Binn\;C:\Program Files\Microsoft SQL Server\Client SDK\ODBC\170\Tools\Binn\;C:\Program Files (x86)\Microsoft SQL Server\150\Tools\Binn\;C:\Program Files\Microsoft SQL Server\150\Tools\Binn\;C:\Program Files\Microsoft SQL Server\150\DTS\Binn\;C:\Program Files (x86)\dotnet\;C:\Program Files\TortoiseGit\bin;C:\Program Files\TortoiseSVN\bin;C:\Program Files (x86)\Microsoft Visual Studio\2019\Community\MSBuild\Current\Bin;C:\Program Files\Git\cmd;C:\Users\user\AppData\Local\Programs\Python\Python39\Scripts\;C:\Users\user\AppData\Local\Programs\Python\Python39\;C:\Users\user\AppData\Local\Microsoft\WindowsApps;C:\Users\user\AppData\Local\GitHubDesktop\bin;C:\Users\user\.dotnet\tools;C:\Users\user\Downloads\eclipse\eclipse;;E:\L&amp;T\RobotAutomation\RobotFrameworkProject\driver'.</msg>
<status status="PASS" starttime="20211017 18:30:43.334" endtime="20211017 18:30:43.334"></status>
</kw>
<kw name="Open Browser" library="SeleniumLibrary">
<doc>Opens a new browser instance to the optional ``url``.</doc>
<arguments>
<arg>browser=${BROWSER}</arg>
</arguments>
<msg timestamp="20211017 18:30:43.335" level="INFO">Opening browser 'chrome' to base url 'None'.</msg>
<status status="PASS" starttime="20211017 18:30:43.335" endtime="20211017 18:30:45.647"></status>
</kw>
<kw name="Maximize Browser Window" library="SeleniumLibrary">
<doc>Maximizes current browser window.</doc>
<status status="PASS" starttime="20211017 18:30:45.647" endtime="20211017 18:30:45.848"></status>
</kw>
<kw name="Set Selenium Implicit Wait" library="SeleniumLibrary">
<doc>Sets the implicit wait value used by Selenium.</doc>
<arguments>
<arg>50s</arg>
</arguments>
<status status="PASS" starttime="20211017 18:30:45.848" endtime="20211017 18:30:45.852"></status>
</kw>
<kw name="Set Screenshot Directory" library="SeleniumLibrary">
<doc>Sets the directory for captured screenshots.</doc>
<arguments>
<arg>${EXECDIR}${/}Screenshots</arg>
</arguments>
<status status="PASS" starttime="20211017 18:30:45.852" endtime="20211017 18:30:45.853"></status>
</kw>
<kw name="Go To" library="SeleniumLibrary">
<doc>Navigates the current browser window to the provided ``url``.</doc>
<arguments>
<arg>url=${URL}</arg>
</arguments>
<msg timestamp="20211017 18:30:45.863" level="INFO">Opening url 'http://automationpractice.com/index.php'</msg>
<status status="PASS" starttime="20211017 18:30:45.854" endtime="20211017 18:31:03.390"></status>
</kw>
<status status="PASS" starttime="20211017 18:30:43.333" endtime="20211017 18:31:03.392"></status>
</kw>
<kw name="Automate Login" library="AutomateLogin">
<kw name="Click Sign in" library="RegisterationAndLoginPage">
<kw name="Click Element" library="SeleniumLibrary">
<doc>Click the element identified by ``locator``.</doc>
<arguments>
<arg>${SIGN IN LOCATOR}</arg>
</arguments>
<msg timestamp="20211017 18:31:03.397" level="INFO">Clicking element 'xpath=//a[contains(text(),'Sign in')]'.</msg>
<status status="PASS" starttime="20211017 18:31:03.396" endtime="20211017 18:31:09.813"></status>
</kw>
<status status="PASS" starttime="20211017 18:31:03.395" endtime="20211017 18:31:09.814"></status>
</kw>
<kw name="Enter Email to Sign in" library="RegisterationAndLoginPage">
<arguments>
<arg>${REGISTERED EMAIL ADDRESS}</arg>
</arguments>
<kw name="Input Text" library="SeleniumLibrary">
<doc>Types the given ``text`` into the text field identified by ``locator``.</doc>
<arguments>
<arg>${SIGN IN EMAIL LOCATOR}</arg>
<arg>${email}</arg>
</arguments>
<msg timestamp="20211017 18:31:09.821" level="INFO">Typing text 'John123@mayank.com' into text field 'id=email'.</msg>
<status status="PASS" starttime="20211017 18:31:09.819" endtime="20211017 18:31:09.991"></status>
</kw>
<status status="PASS" starttime="20211017 18:31:09.815" endtime="20211017 18:31:09.991"></status>
</kw>
<kw name="Enter Password to Sign in" library="RegisterationAndLoginPage">
<arguments>
<arg>${REGISTERED PASSWORD}</arg>
</arguments>
<kw name="Input Password" library="SeleniumLibrary">
<doc>Types the given password into the text field identified by ``locator``.</doc>
<arguments>
<arg>${PASSWORD LOCATOR}</arg>
<arg>${password}</arg>
</arguments>
<msg timestamp="20211017 18:31:09.994" level="INFO">Typing password into text field 'id=passwd'.</msg>
<msg timestamp="20211017 18:31:10.053" level="INFO">Temporally setting log level to: NONE</msg>
<msg timestamp="20211017 18:31:10.142" level="INFO">Log level changed from NONE to INFO.</msg>
<status status="PASS" starttime="20211017 18:31:09.993" endtime="20211017 18:31:10.142"></status>
</kw>
<status status="PASS" starttime="20211017 18:31:09.992" endtime="20211017 18:31:10.143"></status>
</kw>
<kw name="Click Submit Login" library="RegisterationAndLoginPage">
<kw name="Click Element" library="SeleniumLibrary">
<doc>Click the element identified by ``locator``.</doc>
<arguments>
<arg>${SUBMIT LOGIN LOCATOR}</arg>
</arguments>
<msg timestamp="20211017 18:31:10.146" level="INFO">Clicking element 'id=SubmitLogin'.</msg>
<status status="PASS" starttime="20211017 18:31:10.145" endtime="20211017 18:31:14.959"></status>
</kw>
<status status="PASS" starttime="20211017 18:31:10.144" endtime="20211017 18:31:14.960"></status>
</kw>
<kw name="Validate Successful Registration/Login" library="RegisterationAndLoginPage">
<kw name="Page Should Contain" library="SeleniumLibrary">
<doc>Verifies that current page contains ``text``.</doc>
<arguments>
<arg>Order history and details</arg>
</arguments>
<msg timestamp="20211017 18:31:14.987" level="INFO">Current page contains text 'Order history and details'.</msg>
<status status="PASS" starttime="20211017 18:31:14.963" endtime="20211017 18:31:14.988"></status>
</kw>
<status status="PASS" starttime="20211017 18:31:14.961" endtime="20211017 18:31:14.988"></status>
</kw>
<status status="PASS" starttime="20211017 18:31:03.393" endtime="20211017 18:31:14.988"></status>
</kw>
<kw name="Hover Over Menuitem Women" library="WomenPage">
<kw name="Mouse Over" library="SeleniumLibrary">
<doc>Simulates hovering the mouse over the element ``locator``.</doc>
<arguments>
<arg>${MENUITEM WOMEN LOCATOR}</arg>
</arguments>
<msg timestamp="20211017 18:31:14.990" level="INFO">Simulating Mouse Over on element 'xpath=//a[text()='Women']'.</msg>
<status status="PASS" starttime="20211017 18:31:14.989" endtime="20211017 18:31:15.372"></status>
</kw>
<status status="PASS" starttime="20211017 18:31:14.989" endtime="20211017 18:31:15.374"></status>
</kw>
<kw name="Click Sub Menuitem T-Shirt" library="WomenPage">
<kw name="Click Element" library="SeleniumLibrary">
<doc>Click the element identified by ``locator``.</doc>
<arguments>
<arg>${SUB MENUITEM T-SHIRT LOCATOR}</arg>
</arguments>
<msg timestamp="20211017 18:31:15.379" level="INFO">Clicking element 'xpath=(//a[text()='T-shirts'])[1]'.</msg>
<status status="PASS" starttime="20211017 18:31:15.377" endtime="20211017 18:31:21.109"></status>
</kw>
<status status="PASS" starttime="20211017 18:31:15.375" endtime="20211017 18:31:21.113"></status>
</kw>
<kw name="Hover Over Dress" library="WomenPage">
<kw name="Mouse Over" library="SeleniumLibrary">
<doc>Simulates hovering the mouse over the element ``locator``.</doc>
<arguments>
<arg>${DRESS IMG LOCATOR}</arg>
</arguments>
<msg timestamp="20211017 18:31:21.121" level="INFO">Simulating Mouse Over on element 'xpath=//img[@title='Faded Short Sleeve T-shirts']'.</msg>
<status status="PASS" starttime="20211017 18:31:21.117" endtime="20211017 18:31:21.547"></status>
</kw>
<status status="PASS" starttime="20211017 18:31:21.114" endtime="20211017 18:31:21.549"></status>
</kw>
<kw name="Click More" library="WomenPage">
<doc>Use this option to customize the purchase like quantity.</doc>
<kw name="Click Element" library="SeleniumLibrary">
<doc>Click the element identified by ``locator``.</doc>
<arguments>
<arg>${MORE LOCATOR}</arg>
</arguments>
<msg timestamp="20211017 18:31:21.557" level="INFO">Clicking element 'xpath=//span[text()='More']'.</msg>
<status status="PASS" starttime="20211017 18:31:21.554" endtime="20211017 18:31:26.050"></status>
</kw>
<status status="PASS" starttime="20211017 18:31:21.550" endtime="20211017 18:31:26.053"></status>
</kw>
<kw name="Enter Quantity" library="WomenPage">
<arguments>
<arg>2</arg>
</arguments>
<kw name="Input Text" library="SeleniumLibrary">
<doc>Types the given ``text`` into the text field identified by ``locator``.</doc>
<arguments>
<arg>${QUANTITY LOCATOR}</arg>
<arg>${quantity}</arg>
</arguments>
<msg timestamp="20211017 18:31:26.066" level="INFO">Typing text '2' into text field 'id=quantity_wanted'.</msg>
<status status="PASS" starttime="20211017 18:31:26.064" endtime="20211017 18:31:26.228"></status>
</kw>
<status status="PASS" starttime="20211017 18:31:26.056" endtime="20211017 18:31:26.228"></status>
</kw>
<kw name="Select Size of Dress" library="WomenPage">
<doc>Enter size value S for small, M for medium and L for large.</doc>
<arguments>
<arg>S</arg>
</arguments>
<kw name="Select From List By Label" library="SeleniumLibrary">
<doc>Selects options from selection list ``locator`` by ``labels``.</doc>
<arguments>
<arg>${SIZE LOCATOR}</arg>
<arg>${size}</arg>
</arguments>
<msg timestamp="20211017 18:31:26.230" level="INFO">Selecting options from selection list 'id=group_1' by label S.</msg>
<status status="PASS" starttime="20211017 18:31:26.229" endtime="20211017 18:31:26.296"></status>
</kw>
<status status="PASS" starttime="20211017 18:31:26.229" endtime="20211017 18:31:26.296"></status>
</kw>
<kw name="Choose Color" library="WomenPage">
<doc>Enter 13 for orange dress and 14 for blue dress.</doc>
<arguments>
<arg>14</arg>
</arguments>
<kw name="Click Element" library="SeleniumLibrary">
<doc>Click the element identified by ``locator``.</doc>
<arguments>
<arg>${COLOR LOCATOR}_${color}</arg>
</arguments>
<msg timestamp="20211017 18:31:26.298" level="INFO">Clicking element 'id=color_14'.</msg>
<status status="PASS" starttime="20211017 18:31:26.297" endtime="20211017 18:31:26.383"></status>
</kw>
<status status="PASS" starttime="20211017 18:31:26.297" endtime="20211017 18:31:26.384"></status>
</kw>
<kw name="Click Add to Cart" library="WomenPage">
<kw name="Click Element" library="SeleniumLibrary">
<doc>Click the element identified by ``locator``.</doc>
<arguments>
<arg>${ADD TO CART LOCATOR}</arg>
</arguments>
<msg timestamp="20211017 18:31:26.391" level="INFO">Clicking element 'id=add_to_cart'.</msg>
<status status="PASS" starttime="20211017 18:31:26.389" endtime="20211017 18:31:26.460"></status>
</kw>
<status status="PASS" starttime="20211017 18:31:26.387" endtime="20211017 18:31:26.461"></status>
</kw>
<kw name="Validate Item added to cart Successful" library="WomenPage">
<kw name="Page Should Contain" library="SeleniumLibrary">
<doc>Verifies that current page contains ``text``.</doc>
<arguments>
<arg>Product successfully added to your shopping</arg>
</arguments>
<msg timestamp="20211017 18:31:26.488" level="INFO">Current page contains text 'Product successfully added to your shopping'.</msg>
<status status="PASS" starttime="20211017 18:31:26.462" endtime="20211017 18:31:26.488"></status>
</kw>
<status status="PASS" starttime="20211017 18:31:26.461" endtime="20211017 18:31:26.489"></status>
</kw>
<kw name="Click Continue Shopping" library="WomenPage">
<kw name="Click Element" library="SeleniumLibrary">
<doc>Click the element identified by ``locator``.</doc>
<arguments>
<arg>${CONTINUE SHOPPING LOCATOR}</arg>
</arguments>
<msg timestamp="20211017 18:31:26.491" level="INFO">Clicking element 'xpath=//span[@title='Continue shopping']'.</msg>
<status status="PASS" starttime="20211017 18:31:26.490" endtime="20211017 18:31:27.685"></status>
</kw>
<status status="PASS" starttime="20211017 18:31:26.489" endtime="20211017 18:31:27.685"></status>
</kw>
<kw name="End Browser" library="CommonFunctionality" type="teardown">
<kw name="Close Browser" library="SeleniumLibrary">
<doc>Closes the current browser.</doc>
<status status="PASS" starttime="20211017 18:31:27.687" endtime="20211017 18:31:30.081"></status>
</kw>
<status status="PASS" starttime="20211017 18:31:27.686" endtime="20211017 18:31:30.083"></status>
</kw>
<status status="PASS" starttime="20211017 18:30:43.332" endtime="20211017 18:31:30.084" critical="yes"></status>
</test>
<status status="PASS" starttime="20211017 18:30:42.968" endtime="20211017 18:31:30.090"></status>
</suite>
<status status="PASS" starttime="20211017 18:30:42.964" endtime="20211017 18:31:30.101"></status>
</suite>
<status status="PASS" starttime="20211017 18:30:42.935" endtime="20211017 18:31:30.111"></status>
</suite>
<statistics>
<total>
<stat pass="1" fail="0">Critical Tests</stat>
<stat pass="1" fail="0">All Tests</stat>
</total>
<tag>
</tag>
<suite>
<stat pass="1" fail="0" id="s1" name="RobotFrameworkProject">RobotFrameworkProject</stat>
<stat pass="1" fail="0" id="s1-s1" name="WomenSuite">RobotFrameworkProject.WomenSuite</stat>
<stat pass="1" fail="0" id="s1-s1-s1" name="Adding Tshirt To Cart Tests">RobotFrameworkProject.WomenSuite.Adding Tshirt To Cart Tests</stat>
</suite>
</statistics>
<errors>
</errors>
</robot>
